
[0m[2m[35m$[0m [2m[1mbun run gen:proto && bun run gen:graphql[0m
[0m[2m[35m$[0m [2m[1m$(pwd)/../../node_modules/.bin/protoc --plugin=protoc-gen-ts_proto=$(pwd)/../../node_modules/.bin/protoc-gen-ts_proto --ts_proto_out=./generated/proto --ts_proto_opt=esModuleInterop=true,useOptionals=messages,outputServices=grpc-js --proto_path=./proto ./proto/*.proto[0m
[0m[2m[35m$[0m [2m[1mgraphql-codegen[0m
[?25l[2mâ—¼[22m Parse Configuration
[2K[1A[2K[G[2mâ—¼[22m Parse Configuration
[2mâ—¼[22m Generate outputs
[2K[1A[2K[1A[2K[G[33mâ ‹[39m Parse Configuration
[2mâ—¼[22m Generate outputs
[2K[1A[2K[1A[2K[G[32mâœ”[39m Parse Configuration
[2mâ—¼[22m Generate outputs
[2K[1A[2K[1A[2K[G[32mâœ”[39m Parse Configuration
[33mâ ‹[39m Generate outputs
[2K[1A[2K[1A[2K[G[32mâœ”[39m Parse Configuration
[33mâ¯[39m Generate outputs
  [2mâ—¼[22m Generate to ./generated/graphql/comment.ts
[2K[1A[2K[1A[2K[1A[2K[G[32mâœ”[39m Parse Configuration
[33mâ¯[39m Generate outputs
  [33mâ ‹[39m Generate to ./generated/graphql/comment.ts
[2K[1A[2K[1A[2K[1A[2K[G[32mâœ”[39m Parse Configuration
[33mâ¯[39m Generate outputs
  [33mâ¯[39m Generate to ./generated/graphql/comment.ts
    [2mâ—¼[22m Load GraphQL schemas
[2K[1A[2K[1A[2K[1A[2K[1A[2K[G[32mâœ”[39m Parse Configuration
[33mâ¯[39m Generate outputs
  [33mâ¯[39m Generate to ./generated/graphql/comment.ts
    [2mâ—¼[22m Load GraphQL schemas
    [2mâ—¼[22m Load GraphQL documents
[2K[1A[2K[1A[2K[1A[2K[1A[2K[1A[2K[G[32mâœ”[39m Parse Configuration
[33mâ¯[39m Generate outputs
  [33mâ¯[39m Generate to ./generated/graphql/comment.ts
    [2mâ—¼[22m Load GraphQL schemas
    [2mâ—¼[22m Load GraphQL documents
    [2mâ—¼[22m Generate
[2K[1A[2K[1A[2K[1A[2K[1A[2K[1A[2K[1A[2K[G[32mâœ”[39m Parse Configuration
[33mâ¯[39m Generate outputs
  [33mâ¯[39m Generate to ./generated/graphql/comment.ts
    [33mâ ‹[39m Load GraphQL schemas
    [2mâ—¼[22m Load GraphQL documents
    [2mâ—¼[22m Generate
[2K[1A[2K[1A[2K[1A[2K[1A[2K[1A[2K[1A[2K[G[32mâœ”[39m Parse Configuration
[33mâ¯[39m Generate outputs
  [33mâ¯[39m Generate to ./generated/graphql/comment.ts
    [32mâœ”[39m Load GraphQL schemas
    [2mâ—¼[22m Load GraphQL documents
    [2mâ—¼[22m Generate
[2K[1A[2K[1A[2K[1A[2K[1A[2K[1A[2K[1A[2K[G[32mâœ”[39m Parse Configuration
[33mâ¯[39m Generate outputs
  [33mâ¯[39m Generate to ./generated/graphql/comment.ts
    [32mâœ”[39m Load GraphQL schemas
    [33mâ ‹[39m Load GraphQL documents
    [2mâ—¼[22m Generate
[2K[1A[2K[1A[2K[1A[2K[1A[2K[1A[2K[1A[2K[G[32mâœ”[39m Parse Configuration
[33mâ¯[39m Generate outputs
  [33mâ¯[39m Generate to ./generated/graphql/comment.ts
    [32mâœ”[39m Load GraphQL schemas
    [32mâœ”[39m Load GraphQL documents
    [2mâ—¼[22m Generate
[2K[1A[2K[1A[2K[1A[2K[1A[2K[1A[2K[1A[2K[G[32mâœ”[39m Parse Configuration
[33mâ¯[39m Generate outputs
  [33mâ¯[39m Generate to ./generated/graphql/comment.ts
    [32mâœ”[39m Load GraphQL schemas
    [32mâœ”[39m Load GraphQL documents
    [33mâ ‹[39m Generate
[2K[1A[2K[1A[2K[1A[2K[1A[2K[1A[2K[1A[2K[G[32mâœ”[39m Parse Configuration
[33mâ¯[39m Generate outputs
  [33mâ¯[39m Generate to ./generated/graphql/comment.ts
    [32mâœ”[39m Load GraphQL schemas
    [32mâœ”[39m Load GraphQL documents
    [32mâœ”[39m Generate
[2K[1A[2K[1A[2K[1A[2K[1A[2K[1A[2K[1A[2K[G[32mâœ”[39m Parse Configuration
[33mâ¯[39m Generate outputs
  [32mâœ”[39m Generate to ./generated/graphql/comment.ts
[2K[1A[2K[1A[2K[1A[2K[G[32mâœ”[39m Parse Configuration
[32mâœ”[39m Generate outputs
[2K[1A[2K[1A[2K[G[32mâœ”[39m Parse Configuration
[32mâœ”[39m Generate outputs
[?25h[?25h
